#! /c/Source/iverilog-install/bin/vvp
:ivl_version "12.0 (devel)" "(s20150603-1539-g2693dd32b)";
:ivl_delay_selection "TYPICAL";
:vpi_time_precision + 0;
:vpi_module "C:\iverilog\lib\ivl\system.vpi";
:vpi_module "C:\iverilog\lib\ivl\vhdl_sys.vpi";
:vpi_module "C:\iverilog\lib\ivl\vhdl_textio.vpi";
:vpi_module "C:\iverilog\lib\ivl\v2005_math.vpi";
:vpi_module "C:\iverilog\lib\ivl\va_math.vpi";
S_000002d81c382ce0 .scope module, "m_not" "m_not" 2 1;
 .timescale 0 0;
    .port_info 0 /INPUT 1 "in";
    .port_info 1 /OUTPUT 1 "out";
o000002d81c3a5028 .functor BUFZ 1, C4<z>; HiZ drive
L_000002d81c383320 .functor NOT 1, o000002d81c3a5028, C4<0>, C4<0>, C4<0>;
v000002d81c383540_0 .net "in", 0 0, o000002d81c3a5028;  0 drivers
v000002d81c36ecf0_0 .net "out", 0 0, L_000002d81c383320;  1 drivers
# The file index is used to find the file name in the following table.
:file_names 3;
    "N/A";
    "<interactive>";
    "test\m_not.v";
